<?xml version="1.0" encoding="UTF-8"?>
<!-- Generated by org.testng.reporters.JUnitReportReporter -->
<testsuite hostname="PRT-4QRSD12" name="com.totalwine.test.search.SearchNullTerms" tests="1" failures="0" timestamp="25 May 2016 16:36:18 GMT" time="147.357" errors="0">
  <testcase name="SearchNullTermsTest" time="147.357" classname="com.totalwine.test.search.SearchNullTerms"/>
</testsuite> <!-- com.totalwine.test.search.SearchNullTerms -->
